d:\dsigit\dsi\practica 1\p14\debug\vc141.pdb
d:\dsigit\dsi\practica 1\p14\debug\vc141.idb
d:\dsigit\dsi\practica 1\p14\debug\modelo.obj
d:\dsigit\dsi\practica 1\p14\debug\scene.obj
d:\dsigit\dsi\practica 1\p14\debug\vc140.pdb
d:\dsigit\dsi\practica 1\p14\debug\vc140.idb
d:\dsigit\dsi\practica 1\p14\debug\mainoo.obj
d:\dsigit\dsi\practica 1\debug\p14.pdb
d:\dsigit\dsi\practica 1\p14\debug\p14.tlog\cl.command.1.tlog
d:\dsigit\dsi\practica 1\p14\debug\p14.tlog\cl.read.1.tlog
d:\dsigit\dsi\practica 1\p14\debug\p14.tlog\cl.write.1.tlog
d:\dsigit\dsi\practica 1\p14\debug\p14.tlog\link-cvtres.read.1.tlog
d:\dsigit\dsi\practica 1\p14\debug\p14.tlog\link-cvtres.write.1.tlog
d:\dsigit\dsi\practica 1\p14\debug\p14.tlog\link-rc.read.1.tlog
d:\dsigit\dsi\practica 1\p14\debug\p14.tlog\link-rc.write.1.tlog
d:\dsigit\dsi\practica 1\p14\debug\p14.tlog\link.9052-cvtres.read.1.tlog
d:\dsigit\dsi\practica 1\p14\debug\p14.tlog\link.9052-cvtres.write.1.tlog
d:\dsigit\dsi\practica 1\p14\debug\p14.tlog\link.9052-rc.read.1.tlog
d:\dsigit\dsi\practica 1\p14\debug\p14.tlog\link.9052-rc.write.1.tlog
d:\dsigit\dsi\practica 1\p14\debug\p14.tlog\link.9052.read.1.tlog
d:\dsigit\dsi\practica 1\p14\debug\p14.tlog\link.9052.write.1.tlog
d:\dsigit\dsi\practica 1\p14\debug\p14.tlog\link.command.1.tlog
d:\dsigit\dsi\practica 1\p14\debug\p14.tlog\link.read.1.tlog
d:\dsigit\dsi\practica 1\p14\debug\p14.tlog\link.write.1.tlog
