  HIDXbox.cpp
d:\dsigit\dsi\práctica 2\abstraccionmando\basehid.h(29): warning C4244: 'inicializando': conversión de 'double' a 'const float'; posible pérdida de datos
d:\dsigit\dsi\práctica 2\abstraccionmando\hidxbox.cpp(6): error C2600: 'HIDXbox::~HIDXbox': no se puede definir una función miembro especial generada por el compilador (se debe declarar primero en la clase)
d:\dsigit\dsi\práctica 2\abstraccionmando\hidxbox.cpp(35): warning C4244: '-=': conversión de 'float' a 'SHORT'; posible pérdida de datos
d:\dsigit\dsi\práctica 2\abstraccionmando\hidxbox.cpp(36): warning C4244: '+=': conversión de 'float' a 'SHORT'; posible pérdida de datos
d:\dsigit\dsi\práctica 2\abstraccionmando\hidxbox.cpp(39): warning C4244: '-=': conversión de 'float' a 'SHORT'; posible pérdida de datos
d:\dsigit\dsi\práctica 2\abstraccionmando\hidxbox.cpp(40): warning C4244: '+=': conversión de 'float' a 'SHORT'; posible pérdida de datos
d:\dsigit\dsi\práctica 2\abstraccionmando\hidxbox.cpp(43): warning C4244: '-=': conversión de 'float' a 'SHORT'; posible pérdida de datos
d:\dsigit\dsi\práctica 2\abstraccionmando\hidxbox.cpp(44): warning C4244: '+=': conversión de 'float' a 'SHORT'; posible pérdida de datos
d:\dsigit\dsi\práctica 2\abstraccionmando\hidxbox.cpp(47): warning C4244: '-=': conversión de 'float' a 'SHORT'; posible pérdida de datos
d:\dsigit\dsi\práctica 2\abstraccionmando\hidxbox.cpp(48): warning C4244: '+=': conversión de 'float' a 'SHORT'; posible pérdida de datos
  BaseHID.cpp
d:\dsigit\dsi\práctica 2\abstraccionmando\basehid.h(29): warning C4244: 'inicializando': conversión de 'double' a 'const float'; posible pérdida de datos
d:\dsigit\dsi\práctica 2\abstraccionmando\basehid.cpp(5): error C2084: la función 'BaseHID::~BaseHID(void)' ya tiene un cuerpo
  d:\dsigit\dsi\práctica 2\abstraccionmando\basehid.h(33): note: vea la definición anterior de '{dtor}'
  AppHIDAbs.cpp
d:\dsigit\dsi\práctica 2\abstraccionmando\basehid.h(29): warning C4244: 'inicializando': conversión de 'double' a 'const float'; posible pérdida de datos
d:\dsigit\dsi\práctica 2\abstraccionmando\apphidabs.cpp(21): error C2065: 'MsgProc': identificador no declarado
d:\dsigit\dsi\práctica 2\abstraccionmando\apphidabs.cpp(22): error C2065: 'hBrush': identificador no declarado
d:\dsigit\dsi\práctica 2\abstraccionmando\apphidabs.cpp(24): error C2440: 'inicializando': no se puede realizar la conversión de 'const wchar_t [13]' a 'LPCSTR'
  d:\dsigit\dsi\práctica 2\abstraccionmando\apphidabs.cpp(24): note: Los tipos señalados no están relacionados; la conversión requiere reinterpret_cast, conversión de estilo de C o conversión de estilo de función
d:\dsigit\dsi\práctica 2\abstraccionmando\apphidabs.cpp(28): error C2065: 'g_hWnd': identificador no declarado
d:\dsigit\dsi\práctica 2\abstraccionmando\apphidabs.cpp(28): error C2664: 'HWND CreateWindowExA(DWORD,LPCSTR,LPCSTR,DWORD,int,int,int,int,HWND,HMENU,HINSTANCE,LPVOID)': el argumento 2 no puede convertirse de 'const wchar_t [13]' a 'LPCSTR'
  d:\dsigit\dsi\práctica 2\abstraccionmando\apphidabs.cpp(31): note: Los tipos señalados no están relacionados; la conversión requiere reinterpret_cast, conversión de estilo de C o conversión de estilo de función
d:\dsigit\dsi\práctica 2\abstraccionmando\apphidabs.cpp(34): error C2065: 'g_Controllers': identificador no declarado
d:\dsigit\dsi\práctica 2\abstraccionmando\apphidabs.cpp(34): error C2065: 'CONTROLER_STATE': identificador no declarado
d:\dsigit\dsi\práctica 2\abstraccionmando\apphidabs.cpp(34): error C2065: 'MAX_CONTROLLERS': identificador no declarado
d:\dsigit\dsi\práctica 2\abstraccionmando\apphidabs.cpp(43): error C2065: 'timerMando': identificador no declarado
d:\dsigit\dsi\práctica 2\abstraccionmando\apphidabs.cpp(43): error C2065: 'g_hWnd': identificador no declarado
d:\dsigit\dsi\práctica 2\abstraccionmando\apphidabs.cpp(53): error C2065: 'timerMando': identificador no declarado
d:\dsigit\dsi\práctica 2\abstraccionmando\apphidabs.cpp(54): error C2664: 'BOOL UnregisterClassA(LPCSTR,HINSTANCE)': el argumento 1 no puede convertirse de 'const wchar_t [13]' a 'LPCSTR'
  d:\dsigit\dsi\práctica 2\abstraccionmando\apphidabs.cpp(54): note: Los tipos señalados no están relacionados; la conversión requiere reinterpret_cast, conversión de estilo de C o conversión de estilo de función
d:\dsigit\dsi\práctica 2\abstraccionmando\apphidabs.cpp(63): error C3861: 'GeneraEfectos': no se encontró el identificador
  Generando código...
